<?xml version="1.0" encoding="UTF-8"?>
<!-- Generated by org.testng.reporters.JUnitReportReporter -->
<testsuite hostname="Purva" failures="0" tests="6" name="api.test.DDTests" time="2.491" errors="0" timestamp="2024-09-30T16:37:00 GMT-07:00" skipped="0">
  <testcase classname="api.test.DDTests" name="testPostUser" time="0.404"/>
  <testcase classname="api.test.DDTests" name="testPostUser" time="0.430"/>
  <testcase classname="api.test.DDTests" name="testPostUser" time="0.410"/>
  <testcase classname="api.test.DDTests" name="testDeleteUserByName" time="0.416"/>
  <testcase classname="api.test.DDTests" name="testDeleteUserByName" time="0.419"/>
  <testcase classname="api.test.DDTests" name="testDeleteUserByName" time="0.412"/>
</testsuite> <!-- api.test.DDTests -->
