<?xml version="1.0" encoding="UTF-8"?>
<!-- Generated by org.testng.reporters.JUnitReportReporter -->
<testsuite hostname="Purva" failures="0" tests="4" name="api.test.UserTests" time="4.046" errors="0" timestamp="2024-09-30T16:37:00 GMT-07:00" skipped="0">
  <testcase classname="api.test.UserTests" name="testPostUser" time="2.311"/>
  <testcase classname="api.test.UserTests" name="testGetUserByName" time="0.441"/>
  <testcase classname="api.test.UserTests" name="testUpdateUserByName" time="0.842"/>
  <testcase classname="api.test.UserTests" name="testDeleteUserByName" time="0.452"/>
</testsuite> <!-- api.test.UserTests -->
